build/app/outputs/mapping/release/mapping.txt
# compiler: R8
# compiler_version: 2.1.86
# min_api: 16
# pg_map_id: deffa93
# common_typos_disable
...
io.flutter.embedding.engine.systemchannels.SettingsChannel$PlatformBrightness -> io.flutter.embedding.engine.i.l$b:
    io.flutter.embedding.engine.systemchannels.SettingsChannel$PlatformBrightness dark -> c
    io.flutter.embedding.engine.systemchannels.SettingsChannel$PlatformBrightness[] $VALUES -> d
    io.flutter.embedding.engine.systemchannels.SettingsChannel$PlatformBrightness light -> b
    java.lang.String name -> a
io.flutter.embedding.engine.systemchannels.SystemChannel -> io.flutter.embedding.engine.i.m:
    io.flutter.plugin.common.BasicMessageChannel channel -> a
    void sendMemoryPressureWarning() -> a
io.flutter.embedding.engine.systemchannels.TextInputChannel -> io.flutter.embedding.engine.i.n:
    io.flutter.plugin.common.MethodChannel$MethodCallHandler parsingMethodHandler -> c
    io.flutter.embedding.engine.systemchannels.TextInputChannel$TextInputMethodHandler textInputMethodHandler -> b
    io.flutter.plugin.common.MethodChannel channel -> a
    io.flutter.embedding.engine.systemchannels.TextInputChannel$TextInputMethodHandler access$000(io.flutter.embedding.engine.systemchannels.TextInputChannel) -> a
    java.util.HashMap createEditingStateJSON(java.lang.String,int,int,int,int) -> b
    void done(int) -> c
    void go(int) -> d
    void newline(int) -> e
    void next(int) -> f
    void performPrivateCommand(int,java.lang.String,android.os.Bundle) -> g
    void previous(int) -> h
    void requestExistingInputState() -> i
    void search(int) -> j
    void send(int) -> k
    void setTextInputMethodHandler(io.flutter.embedding.engine.systemchannels.TextInputChannel$TextInputMethodHandler) -> l
    void unspecifiedAction(int) -> m
    void updateEditingState(int,java.lang.String,int,int,int,int) -> n
    void updateEditingStateWithTag(int,java.util.HashMap) -> o
io.flutter.embedding.engine.systemchannels.TextInputChannel$1 -> io.flutter.embedding.engine.i.n$a:
    io.flutter.embedding.engine.systemchannels.TextInputChannel this$0 -> a
    void onMethodCall(io.flutter.plugin.common.MethodCall,io.flutter.plugin.common.MethodChannel$Result) -> b
io.flutter.embedding.engine.systemchannels.TextInputChannel$Configuration -> io.flutter.embedding.engine.i.n$b:
    java.lang.String actionLabel -> g
    java.lang.Integer inputAction -> f
    io.flutter.embedding.engine.systemchannels.TextInputChannel$Configuration[] fields -> i
    io.flutter.embedding.engine.systemchannels.TextInputChannel$InputType inputType -> e
    io.flutter.embedding.engine.systemchannels.TextInputChannel$Configuration$Autofill autofill -> h
    boolean obscureText -> a
    boolean autocorrect -> b
    boolean enableSuggestions -> c
    io.flutter.embedding.engine.systemchannels.TextInputChannel$TextCapitalization textCapitalization -> d
    io.flutter.embedding.engine.systemchannels.TextInputChannel$Configuration fromJson(org.json.JSONObject) -> a
    java.lang.Integer inputActionFromTextInputAction(java.lang.String) -> b
io.flutter.embedding.engine.systemchannels.TextInputChannel$Configuration$Autofill -> io.flutter.embedding.engine.i.n$b$a:
    io.flutter.embedding.engine.systemchannels.TextInputChannel$TextEditState editState -> c
    java.lang.String uniqueIdentifier -> a
    java.lang.String[] hints -> b
    io.flutter.embedding.engine.systemchannels.TextInputChannel$Configuration$Autofill fromJson(org.json.JSONObject) -> a
    java.lang.String translateAutofillHint(java.lang.String) -> b
io.flutter.embedding.engine.systemchannels.TextInputChannel$InputType -> io.flutter.embedding.engine.i.n$c:
    io.flutter.embedding.engine.systemchannels.TextInputChannel$TextInputType type -> a
    boolean isSigned -> b
    boolean isDecimal -> c
    io.flutter.embedding.engine.systemchannels.TextInputChannel$InputType fromJson(org.json.JSONObject) -> a