build/app/outputs/mapping/release/usage.txt
com.google.common.util.concurrent.AbstractTransformFuture$AsyncTransformFuture
com.google.common.graph.ValueGraph
androidx.lifecycle.ViewModel
androidx.annotation.RequiresApi
com.google.common.io.BaseEncoding
com.tekartik.sqflite.operation.SqlErrorInfo:
    public void <init>()
com.tekartik.sqflite.operation.ExecuteOperation:
    protected com.tekartik.sqflite.operation.OperationResult getOperationResult()
    public java.lang.String getMethod()
androidx.core.app.NotificationCompat$DecoratedCustomViewStyle
com.google.common.util.concurrent.AsyncCallable
com.google.common.collect.CollectPreconditions
androidx.viewpager.R$color
com.google.common.hash.Hashing$ChecksumType$2
androidx.core.view.ViewCompat$2
com.google.common.collect.MapMakerInternalMap$EntrySet
com.google.common.collect.MultimapBuilder$4
androidx.loader.content.ModernAsyncTask$AsyncTaskResult
io.flutter.embedding.engine.deferredcomponents.PlayStoreDeferredComponentManager$FeatureInstallStateUpdatedListener
com.google.common.util.concurrent.WrappingExecutorService$1
io.flutter.embedding.engine.systemchannels.SystemChannel:
    private static final java.lang.String TAG
com.google.common.collect.Comparators
com.google.common.collect.ImmutableSet$SerializedForm
androidx.lifecycle.Lifecycling$1:
    void <init>(androidx.lifecycle.LifecycleEventObserver)
com.google.common.collect.Synchronized$SynchronizedQueue
androidx.fragment.app.FragmentViewLifecycleOwner
com.google.common.collect.ImmutableList$ReverseImmutableList
com.google.common.reflect.TypeToken$TypeFilter
androidx.core.content.ContextCompat$MainHandlerExecutor
androidx.lifecycle.ViewModelProvider$KeyedFactory
androidx.core.view.accessibility.AccessibilityViewCommand$SetTextArguments
androidx.fragment.app.Fragment$2:
    void <init>(androidx.fragment.app.Fragment)
androidx.fragment.app.FragmentTransaction$Op
com.google.common.escape.Escapers$2
androidx.core.view.ViewConfigurationCompat
com.google.common.collect.LinkedHashMultimap
com.google.common.collect.ImmutableMapValues
com.google.common.collect.Lists$StringAsImmutableList
com.google.common.util.concurrent.ForwardingFuture
com.google.j2objc.annotations.Property
androidx.annotation.DimenRes
com.google.common.collect.MapMakerInternalMap$EntryIterator
androidx.fragment.R$layout
androidx.core.app.NotificationCompat$MessagingStyle
com.google.errorprone.annotations.CompileTimeConstant
com.google.common.graph.ConfigurableNetwork
com.google.common.collect.ForwardingMap$StandardEntrySet
com.google.common.graph.MutableGraph
androidx.loader.R$drawable
com.google.common.collect.ImmutableListMultimap$Builder
com.google.common.collect.ImmutableSortedMap$Builder
com.google.common.collect.CompactHashMap$MapEntry
com.google.common.collect.Maps$NavigableAsMapView
com.google.common.collect.AbstractMapBasedMultimap$WrappedNavigableSet
com.google.common.cache.Striped64$1
com.google.common.base.Joiner$1
com.google.common.collect.Maps$1
com.google.common.cache.LocalCache$WeightedStrongValueReference
com.google.common.collect.LinkedListMultimap$DistinctKeyIterator
com.google.common.util.concurrent.Striped
com.google.common.primitives.Booleans
com.google.common.collect.FilteredKeySetMultimap$EntrySet
com.google.common.collect.ImmutableMultiset$EntrySet
androidx.core.provider.FontsContractCompat$2
com.google.common.collect.Multisets$3
com.google.common.collect.Iterators$5
com.google.common.collect.TreeMultiset$1
com.google.common.primitives.Floats$FloatConverter
com.google.common.collect.ImmutableSortedSet
com.google.common.base.Functions
io.flutter.embedding.engine.mutatorsstack.FlutterMutatorsStack$FlutterMutator:
    public void <init>(io.flutter.embedding.engine.mutatorsstack.FlutterMutatorsStack,android.graphics.Path)
    public io.flutter.embedding.engine.mutatorsstack.FlutterMutatorsStack$FlutterMutatorType getType()
    public android.graphics.Rect getRect()
    public android.graphics.Path getPath()
    private android.graphics.Path path
com.google.common.base.Joiner